[2026-03-12T05:03:58.460Z] Error: Command failed: docker exec kg_rag_postgres psql -U postgres -d kg_rag -t -A -F"," -c "SELECT id, source, content_type, chunk_index FROM chunks ORDER BY source, chunk_index"
ERROR:  column "content_type" does not exist
LINE 1: SELECT id, source, content_type, chunk_index FROM chunks ORD...
                           ^
HINT:  Perhaps you meant to reference the column "chunks.content_tsv".

[2026-03-12T05:04:14.586Z] Error: Command failed: docker exec kg_rag_postgres psql -U postgres -d kg_rag -t -A -F"," -c "SELECT id, source, content_type, chunk_index FROM chunks ORDER BY source, chunk_index"
ERROR:  column "content_type" does not exist
LINE 1: SELECT id, source, content_type, chunk_index FROM chunks ORD...
                           ^
HINT:  Perhaps you meant to reference the column "chunks.content_tsv".

[2026-03-12T05:04:28.544Z] Error: Command failed: docker exec kg_rag_postgres psql -U postgres -d kg_rag -t -A -F"," -c "SELECT id, source, content_type, chunk_index FROM chunks ORDER BY source, chunk_index"
ERROR:  column "content_type" does not exist
LINE 1: SELECT id, source, content_type, chunk_index FROM chunks ORD...
                           ^
HINT:  Perhaps you meant to reference the column "chunks.content_tsv".

[2026-03-12T05:05:59.531Z] Error: stdout maxBuffer length exceeded
[2026-03-12T05:06:42.242Z] Backup created: /Users/ken/clawd_workspace/projects/KG_RAG/v1.1-beta/backups/backup-2026-03-12T05-06-41-146Z
[2026-03-12T05:45:34.355Z] Deleted backup: backup-2026-03-12T05-03-57-455Z
[2026-03-12T05:51:21.477Z] Deleted backup: backup-2026-03-12T05-04-13-628Z
[2026-03-12T05:53:19.862Z] Deleted backup: backup-2026-03-12T05-04-27-472Z
[2026-03-12T06:00:48.332Z] Deleted backup: backup-2026-03-12T05-05-58-285Z
[2026-03-12T12:32:41.064Z] Backup created: /Users/ken/clawd_workspace/projects/KG_RAG/v1.1-beta/backups/backup-2026-03-12T12-32-39-824Z
[2026-03-12T12:33:17.092Z] Backup created: /Users/ken/clawd_workspace/projects/KG_RAG/v1.1-beta/backups/backup-2026-03-12T12-33-15-683Z
[2026-03-12T12:34:19.021Z] Deleted backup: backup-2026-03-12T12-32-39-824Z
[2026-03-12T12:42:45.323Z] Backup created: /Users/ken/clawd_workspace/projects/KG_RAG/v1.1-beta/backups/backup-2026-03-12T12-42-44-111Z
[2026-03-12T12:56:09.384Z] Backup created: /Users/ken/clawd_workspace/projects/KG_RAG/v1.1-beta/backups/backup-2026-03-12T12-56-08-281Z
[2026-03-12T13:28:12.832Z] Backup created: /Users/ken/clawd_workspace/projects/KG_RAG/v1.1-beta/backups/backup-2026-03-12T13-28-11-645Z
[2026-03-12T13:33:16.562Z] Backup created: /Users/ken/clawd_workspace/projects/KG_RAG/v1.1-beta/backups/backup-2026-03-12T13-33-15-354Z
[2026-03-12T13:33:16.567Z] Deleted old backup: backup-2026-03-12T05-06-41-146Z
[2026-03-12T13:38:51.170Z] Backup created: /Users/ken/clawd_workspace/projects/KG_RAG/v1.1-beta/backups/backup-2026-03-12T13-38-50-020Z
[2026-03-12T13:38:51.174Z] Deleted old backup: backup-2026-03-12T12-33-15-683Z
[2026-03-12T13:48:13.751Z] Backup created: /Users/ken/clawd_workspace/projects/KG_RAG/v1.1-beta/backups/backup-2026-03-12T13-48-12-577Z
[2026-03-12T13:48:13.755Z] Deleted old backup: backup-2026-03-12T12-42-44-111Z
[2026-03-12T13:55:41.869Z] Backup created: /Users/ken/clawd_workspace/projects/KG_RAG/v1.1-beta/backups/backup-2026-03-12T13-55-40-700Z
[2026-03-12T13:55:41.873Z] Deleted old backup: backup-2026-03-12T12-56-08-281Z
[2026-03-12T14:18:50.698Z] Backup created: /Users/ken/clawd_workspace/projects/KG_RAG/v1.1-beta/backups/backup-2026-03-12T14-18-49-482Z
[2026-03-12T14:18:50.701Z] Deleted old backup: backup-2026-03-12T13-28-11-645Z
[2026-03-12T14:41:41.176Z] Backup created: /Users/ken/clawd_workspace/projects/KG_RAG/v1.1-beta/backups/backup-2026-03-12T14-41-39-895Z
[2026-03-12T14:41:41.181Z] Deleted old backup: backup-2026-03-12T13-33-15-354Z
[2026-03-12T14:46:26.052Z] Backup created: /Users/ken/clawd_workspace/projects/KG_RAG/v1.1-beta/backups/backup-2026-03-12T14-46-24-899Z
[2026-03-12T14:46:26.056Z] Deleted old backup: backup-2026-03-12T13-38-50-020Z
[2026-03-12T14:55:19.637Z] Backup created: /Users/ken/clawd_workspace/projects/KG_RAG/v1.1-beta/backups/backup-2026-03-12T14-55-18-383Z
[2026-03-12T14:55:19.642Z] Deleted old backup: backup-2026-03-12T13-48-12-577Z
[2026-03-12T15:04:50.616Z] Backup created: /Users/ken/clawd_workspace/projects/KG_RAG/v1.1-beta/backups/backup-2026-03-12T15-04-49-473Z
[2026-03-12T15:04:50.620Z] Deleted old backup: backup-2026-03-12T13-55-40-700Z
[2026-03-12T15:15:19.571Z] Backup created: /Users/ken/clawd_workspace/projects/KG_RAG/v1.1-beta/backups/backup-2026-03-12T15-15-18-376Z
[2026-03-12T15:15:19.579Z] Deleted old backup: backup-2026-03-12T14-18-49-482Z
[2026-03-12T15:26:05.687Z] Backup created: /Users/ken/clawd_workspace/projects/KG_RAG/v1.1-beta/backups/backup-2026-03-12T15-26-04-543Z
[2026-03-12T15:26:05.692Z] Deleted old backup: backup-2026-03-12T14-41-39-895Z
[2026-03-12T15:34:29.332Z] Backup created: /Users/ken/clawd_workspace/projects/KG_RAG/v1.1-beta/backups/backup-2026-03-12T15-34-28-146Z
[2026-03-12T15:34:29.339Z] Deleted old backup: backup-2026-03-12T14-46-24-899Z
[2026-03-12T15:39:33.085Z] Backup created: /Users/ken/clawd_workspace/projects/KG_RAG/v1.1-beta/backups/backup-2026-03-12T15-39-31-842Z
[2026-03-12T15:39:33.090Z] Deleted old backup: backup-2026-03-12T14-55-18-383Z
[2026-03-12T15:57:01.233Z] Backup created: /Users/ken/clawd_workspace/projects/KG_RAG/v1.1-beta/backups/backup-2026-03-12T15-56-59-982Z
[2026-03-12T15:57:01.237Z] Deleted old backup: backup-2026-03-12T15-04-49-473Z
[2026-03-12T16:11:09.318Z] Backup created: /Users/ken/clawd_workspace/projects/KG_RAG/v1.1-beta/backups/backup-2026-03-12T16-11-07-858Z
[2026-03-12T16:11:09.321Z] Deleted old backup: backup-2026-03-12T15-15-18-376Z
[2026-03-12T16:19:56.344Z] Backup created: /Users/ken/clawd_workspace/projects/KG_RAG/v1.1-beta/backups/backup-2026-03-12T16-19-55-192Z
[2026-03-12T16:19:56.349Z] Deleted old backup: backup-2026-03-12T15-26-04-543Z
[2026-03-12T16:35:16.290Z] Backup created: /Users/ken/clawd_workspace/projects/KG_RAG/v1.1-beta/backups/backup-2026-03-12T16-35-15-126Z
[2026-03-12T16:35:16.295Z] Deleted old backup: backup-2026-03-12T15-34-28-146Z
[2026-03-12T16:44:04.051Z] Backup created: /Users/ken/clawd_workspace/projects/KG_RAG/v1.1-beta/backups/backup-2026-03-12T16-44-02-779Z
[2026-03-12T16:44:04.055Z] Deleted old backup: backup-2026-03-12T15-39-31-842Z
[2026-03-12T17:00:54.021Z] Backup created: /Users/ken/clawd_workspace/projects/KG_RAG/v1.1-beta/backups/backup-2026-03-12T17-00-52-741Z
[2026-03-12T17:00:54.024Z] Deleted old backup: backup-2026-03-12T15-56-59-982Z
[2026-03-12T17:12:26.950Z] Backup created: /Users/ken/clawd_workspace/projects/KG_RAG/v1.1-beta/backups/backup-2026-03-12T17-12-25-692Z
[2026-03-12T17:12:26.956Z] Deleted old backup: backup-2026-03-12T16-11-07-858Z
[2026-03-12T17:18:58.598Z] Backup created: /Users/ken/clawd_workspace/projects/KG_RAG/v1.1-beta/backups/backup-2026-03-12T17-18-57-304Z
[2026-03-12T17:18:58.603Z] Deleted old backup: backup-2026-03-12T16-19-55-192Z
[2026-03-12T17:27:16.717Z] Backup created: /Users/ken/clawd_workspace/projects/KG_RAG/v1.1-beta/backups/backup-2026-03-12T17-27-15-586Z
[2026-03-12T17:27:16.720Z] Deleted old backup: backup-2026-03-12T16-35-15-126Z
[2026-03-12T17:38:45.792Z] Backup created: /Users/ken/clawd_workspace/projects/KG_RAG/v1.1-beta/backups/backup-2026-03-12T17-38-44-530Z
[2026-03-12T17:38:45.796Z] Deleted old backup: backup-2026-03-12T16-44-02-779Z
[2026-03-12T17:39:39.388Z] Deleted backup: backup-2026-03-12T17-00-52-741Z
[2026-03-12T17:39:43.031Z] Deleted backup: backup-2026-03-12T17-12-25-692Z
[2026-03-12T17:43:30.831Z] Backup created: /Users/ken/clawd_workspace/projects/KG_RAG/v1.1-beta/backups/backup-2026-03-12T17-43-28-916Z
[2026-03-12T17:50:50.968Z] Backup created: /Users/ken/clawd_workspace/projects/KG_RAG/v1.1-beta/backups/backup-2026-03-12T17-50-49-632Z
[2026-03-12T17:53:02.772Z] Backup created: /Users/ken/clawd_workspace/projects/KG_RAG/v1.1-beta/backups/backup-2026-03-12T17-53-01-606Z
[2026-03-12T17:53:02.775Z] Deleted old backup: backup-2026-03-12T17-18-57-304Z
[2026-03-12T17:56:36.296Z] Deleted backup: backup-2026-03-12T17-27-15-586Z
[2026-03-12T17:56:41.343Z] Deleted backup: backup-2026-03-12T17-38-44-530Z
[2026-03-12T18:37:40.618Z] Backup created: /Users/ken/clawd_workspace/projects/KG_RAG/v1.1-beta/backups/backup-2026-03-12T18-37-39-363Z
[2026-03-12T18:56:57.481Z] Backup created: /Users/ken/clawd_workspace/projects/KG_RAG/v1.1-beta/backups/backup-2026-03-12T18-56-56-281Z
[2026-03-12T19:12:41.370Z] Backup created: /Users/ken/clawd_workspace/projects/KG_RAG/v1.1-beta/backups/backup-2026-03-12T19-12-40-235Z
[2026-03-12T19:12:41.374Z] Deleted old backup: backup-2026-03-12T17-43-28-916Z
[2026-03-12T19:21:35.643Z] Backup created: /Users/ken/clawd_workspace/projects/KG_RAG/v1.1-beta/backups/backup-2026-03-12T19-21-34-500Z
[2026-03-12T19:21:35.647Z] Deleted old backup: backup-2026-03-12T17-50-49-632Z
[2026-03-13T02:31:08.180Z] Backup created: /Users/ken/clawd_workspace/projects/KG_RAG/v1.1-beta/backups/backup-2026-03-13T02-31-05-764Z
[2026-03-13T02:31:08.185Z] Deleted old backup: backup-2026-03-12T17-53-01-606Z
[2026-03-13T02:47:08.365Z] Backup created: /Users/ken/clawd_workspace/projects/KG_RAG/v1.1-beta/backups/backup-2026-03-13T02-47-07-093Z
[2026-03-13T02:47:08.370Z] Deleted old backup: backup-2026-03-12T18-37-39-363Z
[2026-03-13T03:15:12.417Z] Backup created: /Users/ken/clawd_workspace/projects/KG_RAG/v1.1-beta/backups/backup-2026-03-13T03-15-11-195Z
[2026-03-13T03:15:12.420Z] Deleted old backup: backup-2026-03-12T18-56-56-281Z
[2026-03-13T03:31:11.860Z] Backup created: /Users/ken/clawd_workspace/projects/KG_RAG/v1.1-beta/backups/backup-2026-03-13T03-31-10-531Z
[2026-03-13T03:31:11.867Z] Deleted old backup: backup-2026-03-12T19-12-40-235Z
[2026-03-13T03:39:03.721Z] Backup created: /Users/ken/clawd_workspace/projects/KG_RAG/v1.1-beta/backups/backup-2026-03-13T03-39-02-554Z
[2026-03-13T03:39:03.726Z] Deleted old backup: backup-2026-03-12T19-21-34-500Z
[2026-03-13T03:45:06.061Z] Backup created: /Users/ken/clawd_workspace/projects/KG_RAG/v1.1-beta/backups/backup-2026-03-13T03-45-04-952Z
[2026-03-13T03:45:06.064Z] Deleted old backup: backup-2026-03-13T02-31-05-764Z
[2026-03-13T03:51:08.444Z] Backup created: /Users/ken/clawd_workspace/projects/KG_RAG/v1.1-beta/backups/backup-2026-03-13T03-51-07-018Z
[2026-03-13T03:51:08.447Z] Deleted old backup: backup-2026-03-13T02-47-07-093Z
[2026-03-13T03:56:51.372Z] Backup created: /Users/ken/clawd_workspace/projects/KG_RAG/v1.1-beta/backups/backup-2026-03-13T03-56-50-225Z
[2026-03-13T03:56:51.375Z] Deleted old backup: backup-2026-03-13T03-15-11-195Z
[2026-03-13T04:03:06.431Z] Backup created: /Users/ken/clawd_workspace/projects/KG_RAG/v1.1-beta/backups/backup-2026-03-13T04-03-05-328Z
[2026-03-13T04:03:06.434Z] Deleted old backup: backup-2026-03-13T03-31-10-531Z
[2026-03-13T04:07:39.531Z] Backup created: /Users/ken/clawd_workspace/projects/KG_RAG/v1.1-beta/backups/backup-2026-03-13T04-07-38-239Z
[2026-03-13T04:07:39.532Z] Deleted old backup: backup-2026-03-13T03-39-02-554Z
[2026-03-13T04:12:48.643Z] Backup created: /Users/ken/clawd_workspace/projects/KG_RAG/v1.1-beta/backups/backup-2026-03-13T04-12-47-551Z
[2026-03-13T04:12:48.650Z] Deleted old backup: backup-2026-03-13T03-45-04-952Z
[2026-03-13T04:17:00.730Z] Backup created: /Users/ken/clawd_workspace/projects/KG_RAG/v1.1-beta/backups/backup-2026-03-13T04-16-59-669Z
[2026-03-13T04:17:00.732Z] Deleted old backup: backup-2026-03-13T03-51-07-018Z
[2026-03-13T04:21:26.891Z] Backup created: /Users/ken/clawd_workspace/projects/KG_RAG/v1.1-beta/backups/backup-2026-03-13T04-21-25-734Z
[2026-03-13T04:21:26.896Z] Deleted old backup: backup-2026-03-13T03-56-50-225Z
[2026-03-13T04:25:01.585Z] Backup created: /Users/ken/clawd_workspace/projects/KG_RAG/v1.1-beta/backups/backup-2026-03-13T04-25-00-493Z
[2026-03-13T04:25:01.591Z] Deleted old backup: backup-2026-03-13T04-03-05-328Z
[2026-03-13T04:30:09.330Z] Backup created: /Users/ken/clawd_workspace/projects/KG_RAG/v1.1-beta/backups/backup-2026-03-13T04-30-08-200Z
[2026-03-13T04:30:09.334Z] Deleted old backup: backup-2026-03-13T04-07-38-239Z
[2026-03-13T04:34:19.578Z] Backup created: /Users/ken/clawd_workspace/projects/KG_RAG/v1.1-beta/backups/backup-2026-03-13T04-34-18-409Z
[2026-03-13T04:34:19.582Z] Deleted old backup: backup-2026-03-13T04-12-47-551Z
[2026-03-13T04:38:01.450Z] Backup created: /Users/ken/clawd_workspace/projects/KG_RAG/v1.1-beta/backups/backup-2026-03-13T04-38-00-359Z
[2026-03-13T04:38:01.453Z] Deleted old backup: backup-2026-03-13T04-16-59-669Z
[2026-03-13T04:43:16.367Z] Backup created: /Users/ken/clawd_workspace/projects/KG_RAG/v1.1-beta/backups/backup-2026-03-13T04-43-15-245Z
[2026-03-13T04:43:16.371Z] Deleted old backup: backup-2026-03-13T04-21-25-734Z
[2026-03-13T04:49:03.755Z] Backup created: /Users/ken/clawd_workspace/projects/KG_RAG/v1.1-beta/backups/backup-2026-03-13T04-49-02-363Z
[2026-03-13T04:49:03.758Z] Deleted old backup: backup-2026-03-13T04-25-00-493Z
[2026-03-13T04:54:48.082Z] Backup created: /Users/ken/clawd_workspace/projects/KG_RAG/v1.1-beta/backups/backup-2026-03-13T04-54-46-960Z
[2026-03-13T04:54:48.085Z] Deleted old backup: backup-2026-03-13T04-30-08-200Z
[2026-03-13T05:31:37.305Z] Backup created: /Users/ken/clawd_workspace/projects/KG_RAG/v1.1-beta/backups/backup-2026-03-13T05-31-36-075Z
[2026-03-13T05:31:37.311Z] Deleted old backup: backup-2026-03-13T04-34-18-409Z
[2026-03-13T05:35:12.094Z] Backup created: /Users/ken/clawd_workspace/projects/KG_RAG/v1.1-beta/backups/backup-2026-03-13T05-35-10-939Z
[2026-03-13T05:35:12.098Z] Deleted old backup: backup-2026-03-13T04-38-00-359Z
[2026-03-13T05:55:59.229Z] Backup created: /Users/ken/clawd_workspace/projects/KG_RAG/v1.1-beta/backups/backup-2026-03-13T05-55-58-018Z
[2026-03-13T05:55:59.235Z] Deleted old backup: backup-2026-03-13T04-43-15-245Z
[2026-03-13T06:05:54.097Z] Backup created: /Users/ken/clawd_workspace/projects/KG_RAG/v1.1-beta/backups/backup-2026-03-13T06-05-52-624Z
[2026-03-13T06:05:54.101Z] Deleted old backup: backup-2026-03-13T04-49-02-363Z
[2026-03-13T06:13:45.325Z] Backup created: /Users/ken/clawd_workspace/projects/KG_RAG/v1.1-beta/backups/backup-2026-03-13T06-13-44-220Z
[2026-03-13T06:13:45.329Z] Deleted old backup: backup-2026-03-13T04-54-46-960Z
[2026-03-13T06:24:03.372Z] Backup created: /Users/ken/clawd_workspace/projects/KG_RAG/v1.1-beta/backups/backup-2026-03-13T06-24-02-001Z
[2026-03-13T06:24:03.375Z] Deleted old backup: backup-2026-03-13T05-31-36-075Z
[2026-03-13T06:35:06.954Z] Backup created: /Users/ken/clawd_workspace/projects/KG_RAG/v1.1-beta/backups/backup-2026-03-13T06-35-05-558Z
[2026-03-13T06:35:06.957Z] Deleted old backup: backup-2026-03-13T05-35-10-939Z
[2026-03-13T06:45:47.688Z] Backup created: /Users/ken/clawd_workspace/projects/KG_RAG/v1.1-beta/backups/backup-2026-03-13T06-45-46-554Z
[2026-03-13T06:45:47.690Z] Deleted old backup: backup-2026-03-13T05-55-58-018Z
[2026-03-13T06:54:07.020Z] Backup created: /Users/ken/clawd_workspace/projects/KG_RAG/v1.1-beta/backups/backup-2026-03-13T06-54-05-900Z
[2026-03-13T06:54:07.025Z] Deleted old backup: backup-2026-03-13T06-05-52-624Z
[2026-03-13T07:02:43.736Z] Backup created: /Users/ken/clawd_workspace/projects/KG_RAG/v1.1-beta/backups/backup-2026-03-13T07-02-42-638Z
[2026-03-13T07:02:43.740Z] Deleted old backup: backup-2026-03-13T06-13-44-220Z
[2026-03-13T07:12:24.645Z] Backup created: /Users/ken/clawd_workspace/projects/KG_RAG/v1.1-beta/backups/backup-2026-03-13T07-12-23-531Z
[2026-03-13T07:12:24.648Z] Deleted old backup: backup-2026-03-13T06-24-02-001Z
[2026-03-13T07:20:40.950Z] Backup created: /Users/ken/clawd_workspace/projects/KG_RAG/v1.1-beta/backups/backup-2026-03-13T07-20-39-567Z
[2026-03-13T07:20:40.955Z] Deleted old backup: backup-2026-03-13T06-35-05-558Z
[2026-03-13T07:22:36.414Z] Backup created: /Users/ken/clawd_workspace/projects/KG_RAG/v1.1-beta/backups/backup-2026-03-13T07-22-35-270Z
[2026-03-13T07:22:36.419Z] Deleted old backup: backup-2026-03-13T06-45-46-554Z
[2026-03-13T07:22:54.528Z] Deleted backup: backup-2026-03-13T06-54-05-900Z
[2026-03-13T07:22:58.138Z] Deleted backup: backup-2026-03-13T07-02-42-638Z
[2026-03-13T07:32:41.582Z] Backup created: /Users/ken/clawd_workspace/projects/KG_RAG/v1.1-beta/backups/backup-2026-03-13T07-32-40-399Z
[2026-03-13T07:43:08.862Z] Backup created: /Users/ken/clawd_workspace/projects/KG_RAG/v1.1-beta/backups/backup-2026-03-13T07-43-07-748Z
[2026-03-13T07:59:03.765Z] Backup created: /Users/ken/clawd_workspace/projects/KG_RAG/v1.1-beta/backups/backup-2026-03-13T07-59-02-643Z
[2026-03-13T07:59:03.772Z] Deleted old backup: backup-2026-03-13T07-12-23-531Z
[2026-03-13T08:07:33.298Z] Backup created: /Users/ken/clawd_workspace/projects/KG_RAG/v1.1-beta/backups/backup-2026-03-13T08-07-32-076Z
[2026-03-13T08:07:33.301Z] Deleted old backup: backup-2026-03-13T07-20-39-567Z
[2026-03-13T08:13:35.870Z] Backup created: /Users/ken/clawd_workspace/projects/KG_RAG/v1.1-beta/backups/backup-2026-03-13T08-13-34-621Z
[2026-03-13T08:13:35.873Z] Deleted old backup: backup-2026-03-13T07-22-35-270Z
[2026-03-13T08:19:11.732Z] Backup created: /Users/ken/clawd_workspace/projects/KG_RAG/v1.1-beta/backups/backup-2026-03-13T08-19-10-559Z
[2026-03-13T08:19:11.736Z] Deleted old backup: backup-2026-03-13T07-32-40-399Z
[2026-03-13T08:24:27.937Z] Backup created: /Users/ken/clawd_workspace/projects/KG_RAG/v1.1-beta/backups/backup-2026-03-13T08-24-26-838Z
[2026-03-13T08:24:27.941Z] Deleted old backup: backup-2026-03-13T07-43-07-748Z
[2026-03-13T08:31:14.181Z] Backup created: /Users/ken/clawd_workspace/projects/KG_RAG/v1.1-beta/backups/backup-2026-03-13T08-31-13-020Z
[2026-03-13T08:31:14.184Z] Deleted old backup: backup-2026-03-13T07-59-02-643Z
[2026-03-13T08:38:24.464Z] Backup created: /Users/ken/clawd_workspace/projects/KG_RAG/v1.1-beta/backups/backup-2026-03-13T08-38-23-326Z
[2026-03-13T08:38:24.467Z] Deleted old backup: backup-2026-03-13T08-07-32-076Z
[2026-03-13T08:49:01.660Z] Backup created: /Users/ken/clawd_workspace/projects/KG_RAG/v1.1-beta/backups/backup-2026-03-13T08-49-00-515Z
[2026-03-13T08:49:01.663Z] Deleted old backup: backup-2026-03-13T08-13-34-621Z
[2026-03-13T09:00:40.978Z] Backup created: /Users/ken/clawd_workspace/projects/KG_RAG/v1.1-beta/backups/backup-2026-03-13T09-00-39-869Z
[2026-03-13T09:00:40.983Z] Deleted old backup: backup-2026-03-13T08-19-10-559Z
[2026-03-13T09:07:25.159Z] Backup created: /Users/ken/clawd_workspace/projects/KG_RAG/v1.1-beta/backups/backup-2026-03-13T09-07-23-998Z
[2026-03-13T09:07:25.162Z] Deleted old backup: backup-2026-03-13T08-24-26-838Z
[2026-03-13T09:13:54.868Z] Backup created: /Users/ken/clawd_workspace/projects/KG_RAG/v1.1-beta/backups/backup-2026-03-13T09-13-53-730Z
[2026-03-13T09:13:54.871Z] Deleted old backup: backup-2026-03-13T08-31-13-020Z
[2026-03-13T09:21:24.753Z] Backup created: /Users/ken/clawd_workspace/projects/KG_RAG/v1.1-beta/backups/backup-2026-03-13T09-21-23-660Z
[2026-03-13T09:21:24.757Z] Deleted old backup: backup-2026-03-13T08-38-23-326Z
[2026-03-13T09:38:41.842Z] Backup created: /Users/ken/clawd_workspace/projects/KG_RAG/v1.1-beta/backups/backup-2026-03-13T09-38-40-617Z
[2026-03-13T09:38:41.845Z] Deleted old backup: backup-2026-03-13T08-49-00-515Z
[2026-03-13T09:43:58.196Z] Backup created: /Users/ken/clawd_workspace/projects/KG_RAG/v1.1-beta/backups/backup-2026-03-13T09-43-57-016Z
[2026-03-13T09:43:58.199Z] Deleted old backup: backup-2026-03-13T09-00-39-869Z
[2026-03-13T09:52:28.801Z] Backup created: /Users/ken/clawd_workspace/projects/KG_RAG/v1.1-beta/backups/backup-2026-03-13T09-52-27-662Z
[2026-03-13T09:52:28.806Z] Deleted old backup: backup-2026-03-13T09-07-23-998Z
[2026-03-13T09:58:31.654Z] Backup created: /Users/ken/clawd_workspace/projects/KG_RAG/v1.1-beta/backups/backup-2026-03-13T09-58-30-463Z
[2026-03-13T09:58:31.658Z] Deleted old backup: backup-2026-03-13T09-13-53-730Z
[2026-03-13T10:06:44.928Z] Backup created: /Users/ken/clawd_workspace/projects/KG_RAG/v1.1-beta/backups/backup-2026-03-13T10-06-43-850Z
[2026-03-13T10:06:44.933Z] Deleted old backup: backup-2026-03-13T09-21-23-660Z
[2026-03-13T10:12:46.366Z] Backup created: /Users/ken/clawd_workspace/projects/KG_RAG/v1.1-beta/backups/backup-2026-03-13T10-12-45-260Z
[2026-03-13T10:12:46.369Z] Deleted old backup: backup-2026-03-13T09-38-40-617Z
[2026-03-13T10:19:59.599Z] Backup created: /Users/ken/clawd_workspace/projects/KG_RAG/v1.1-beta/backups/backup-2026-03-13T10-19-58-414Z
[2026-03-13T10:19:59.602Z] Deleted old backup: backup-2026-03-13T09-43-57-016Z
[2026-03-13T10:24:57.128Z] Backup created: /Users/ken/clawd_workspace/projects/KG_RAG/v1.1-beta/backups/backup-2026-03-13T10-24-55-990Z
[2026-03-13T10:24:57.131Z] Deleted old backup: backup-2026-03-13T09-52-27-662Z
[2026-03-13T10:31:27.556Z] Backup created: /Users/ken/clawd_workspace/projects/KG_RAG/v1.1-beta/backups/backup-2026-03-13T10-31-26-394Z
[2026-03-13T10:31:27.561Z] Deleted old backup: backup-2026-03-13T09-58-30-463Z
[2026-03-13T10:38:02.475Z] Backup created: /Users/ken/clawd_workspace/projects/KG_RAG/v1.1-beta/backups/backup-2026-03-13T10-38-01-254Z
[2026-03-13T10:38:02.478Z] Deleted old backup: backup-2026-03-13T10-06-43-850Z
[2026-03-13T10:43:38.617Z] Backup created: /Users/ken/clawd_workspace/projects/KG_RAG/v1.1-beta/backups/backup-2026-03-13T10-43-37-516Z
[2026-03-13T10:43:38.620Z] Deleted old backup: backup-2026-03-13T10-12-45-260Z
[2026-03-13T10:49:18.216Z] Backup created: /Users/ken/clawd_workspace/projects/KG_RAG/v1.1-beta/backups/backup-2026-03-13T10-49-17-026Z
[2026-03-13T10:49:18.220Z] Deleted old backup: backup-2026-03-13T10-19-58-414Z
[2026-03-13T10:56:52.454Z] Backup created: /Users/ken/clawd_workspace/projects/KG_RAG/v1.1-beta/backups/backup-2026-03-13T10-56-51-345Z
[2026-03-13T10:56:52.457Z] Deleted old backup: backup-2026-03-13T10-24-55-990Z
[2026-03-13T11:02:32.986Z] Backup created: /Users/ken/clawd_workspace/projects/KG_RAG/v1.1-beta/backups/backup-2026-03-13T11-02-31-838Z
[2026-03-13T11:02:32.988Z] Deleted old backup: backup-2026-03-13T10-31-26-394Z
[2026-03-13T11:08:51.368Z] Backup created: /Users/ken/clawd_workspace/projects/KG_RAG/v1.1-beta/backups/backup-2026-03-13T11-08-50-159Z
[2026-03-13T11:08:51.372Z] Deleted old backup: backup-2026-03-13T10-38-01-254Z
[2026-03-13T11:15:26.604Z] Backup created: /Users/ken/clawd_workspace/projects/KG_RAG/v1.1-beta/backups/backup-2026-03-13T11-15-25-452Z
[2026-03-13T11:15:26.607Z] Deleted old backup: backup-2026-03-13T10-43-37-516Z
[2026-03-13T11:22:05.464Z] Backup created: /Users/ken/clawd_workspace/projects/KG_RAG/v1.1-beta/backups/backup-2026-03-13T11-22-04-329Z
[2026-03-13T11:22:05.468Z] Deleted old backup: backup-2026-03-13T10-49-17-026Z
[2026-03-13T11:25:51.486Z] Backup created: /Users/ken/clawd_workspace/projects/KG_RAG/v1.1-beta/backups/backup-2026-03-13T11-25-50-335Z
[2026-03-13T11:25:51.489Z] Deleted old backup: backup-2026-03-13T10-56-51-345Z
[2026-03-13T11:31:56.207Z] Backup created: /Users/ken/clawd_workspace/projects/KG_RAG/v1.1-beta/backups/backup-2026-03-13T11-31-55-087Z
[2026-03-13T11:31:56.210Z] Deleted old backup: backup-2026-03-13T11-02-31-838Z
[2026-03-13T11:38:39.800Z] Backup created: /Users/ken/clawd_workspace/projects/KG_RAG/v1.1-beta/backups/backup-2026-03-13T11-38-38-650Z
[2026-03-13T11:38:39.804Z] Deleted old backup: backup-2026-03-13T11-08-50-159Z
[2026-03-13T11:49:47.221Z] Backup created: /Users/ken/clawd_workspace/projects/KG_RAG/v1.1-beta/backups/backup-2026-03-13T11-49-46-080Z
[2026-03-13T11:49:47.225Z] Deleted old backup: backup-2026-03-13T11-15-25-452Z
[2026-03-13T11:56:51.509Z] Backup created: /Users/ken/clawd_workspace/projects/KG_RAG/v1.1-beta/backups/backup-2026-03-13T11-56-50-331Z
[2026-03-13T11:56:51.513Z] Deleted old backup: backup-2026-03-13T11-22-04-329Z
[2026-03-13T11:59:42.878Z] Backup created: /Users/ken/clawd_workspace/projects/KG_RAG/v1.1-beta/backups/backup-2026-03-13T11-59-41-775Z
[2026-03-13T11:59:42.882Z] Deleted old backup: backup-2026-03-13T11-25-50-335Z
[2026-03-13T12:02:33.033Z] Backup created: /Users/ken/clawd_workspace/projects/KG_RAG/v1.1-beta/backups/backup-2026-03-13T12-02-31-798Z
[2026-03-13T12:02:33.036Z] Deleted old backup: backup-2026-03-13T11-31-55-087Z
[2026-03-13T12:02:46.398Z] Deleted backup: backup-2026-03-13T11-38-38-650Z
[2026-03-13T12:02:48.939Z] Deleted backup: backup-2026-03-13T11-49-46-080Z
[2026-03-13T12:07:57.127Z] Backup created: /Users/ken/clawd_workspace/projects/KG_RAG/v1.1-beta/backups/backup-2026-03-13T12-07-55-926Z
[2026-03-13T12:11:54.761Z] Backup created: /Users/ken/clawd_workspace/projects/KG_RAG/v1.1-beta/backups/backup-2026-03-13T12-11-53-648Z
[2026-03-13T12:16:48.489Z] Backup created: /Users/ken/clawd_workspace/projects/KG_RAG/v1.1-beta/backups/backup-2026-03-13T12-16-47-146Z
[2026-03-13T12:16:48.493Z] Deleted old backup: backup-2026-03-13T11-56-50-331Z
[2026-03-13T12:21:55.854Z] Backup created: /Users/ken/clawd_workspace/projects/KG_RAG/v1.1-beta/backups/backup-2026-03-13T12-21-54-560Z
[2026-03-13T12:21:55.858Z] Deleted old backup: backup-2026-03-13T11-59-41-775Z
[2026-03-13T12:26:11.217Z] Backup created: /Users/ken/clawd_workspace/projects/KG_RAG/v1.1-beta/backups/backup-2026-03-13T12-26-10-148Z
[2026-03-13T12:26:11.222Z] Deleted old backup: backup-2026-03-13T12-02-31-798Z
[2026-03-13T12:32:29.343Z] Backup created: /Users/ken/clawd_workspace/projects/KG_RAG/v1.1-beta/backups/backup-2026-03-13T12-32-28-172Z
[2026-03-13T12:32:29.346Z] Deleted old backup: backup-2026-03-13T12-07-55-926Z
[2026-03-13T12:42:03.037Z] Backup created: /Users/ken/clawd_workspace/projects/KG_RAG/v1.1-beta/backups/backup-2026-03-13T12-42-01-939Z
[2026-03-13T12:42:03.039Z] Deleted old backup: backup-2026-03-13T12-11-53-648Z
[2026-03-13T12:49:00.208Z] Backup created: /Users/ken/clawd_workspace/projects/KG_RAG/v1.1-beta/backups/backup-2026-03-13T12-48-59-063Z
[2026-03-13T12:49:00.211Z] Deleted old backup: backup-2026-03-13T12-16-47-146Z
[2026-03-13T12:52:50.850Z] Backup created: /Users/ken/clawd_workspace/projects/KG_RAG/v1.1-beta/backups/backup-2026-03-13T12-52-49-773Z
[2026-03-13T12:52:50.854Z] Deleted old backup: backup-2026-03-13T12-21-54-560Z
[2026-03-13T12:52:56.253Z] Backup created: /Users/ken/clawd_workspace/projects/KG_RAG/v1.1-beta/backups/backup-2026-03-13T12-52-55-066Z
[2026-03-13T12:52:56.255Z] Deleted old backup: backup-2026-03-13T12-26-10-148Z
[2026-03-13T12:57:46.190Z] Backup created: /Users/ken/clawd_workspace/projects/KG_RAG/v1.1-beta/backups/backup-2026-03-13T12-57-45-068Z
[2026-03-13T12:57:46.199Z] Deleted old backup: backup-2026-03-13T12-32-28-172Z
[2026-03-13T13:05:47.826Z] Backup created: /Users/ken/clawd_workspace/projects/KG_RAG/v1.1-beta/backups/backup-2026-03-13T13-05-46-700Z
[2026-03-13T13:05:47.830Z] Deleted old backup: backup-2026-03-13T12-42-01-939Z
[2026-03-13T13:12:30.895Z] Backup created: /Users/ken/clawd_workspace/projects/KG_RAG/v1.1-beta/backups/backup-2026-03-13T13-12-29-812Z
[2026-03-13T13:12:30.899Z] Deleted old backup: backup-2026-03-13T12-48-59-063Z
[2026-03-13T13:15:36.009Z] Backup created: /Users/ken/clawd_workspace/projects/KG_RAG/v1.1-beta/backups/backup-2026-03-13T13-15-34-907Z
[2026-03-13T13:15:36.011Z] Deleted old backup: backup-2026-03-13T12-52-49-773Z
[2026-03-13T13:21:47.729Z] Backup created: /Users/ken/clawd_workspace/projects/KG_RAG/v1.1-beta/backups/backup-2026-03-13T13-21-46-611Z
[2026-03-13T13:21:47.734Z] Deleted old backup: backup-2026-03-13T12-52-55-066Z
[2026-03-13T13:27:12.194Z] Backup created: /Users/ken/clawd_workspace/projects/KG_RAG/v1.1-beta/backups/backup-2026-03-13T13-27-11-066Z
[2026-03-13T13:27:12.199Z] Deleted old backup: backup-2026-03-13T12-57-45-068Z
[2026-03-13T13:35:19.534Z] Backup created: /Users/ken/clawd_workspace/projects/KG_RAG/v1.1-beta/backups/backup-2026-03-13T13-35-18-377Z
[2026-03-13T13:35:19.538Z] Deleted old backup: backup-2026-03-13T13-05-46-700Z
[2026-03-13T13:42:53.606Z] Backup created: /Users/ken/clawd_workspace/projects/KG_RAG/v1.1-beta/backups/backup-2026-03-13T13-42-52-462Z
[2026-03-13T13:42:53.609Z] Deleted old backup: backup-2026-03-13T13-12-29-812Z
[2026-03-13T13:50:46.354Z] Backup created: /Users/ken/clawd_workspace/projects/KG_RAG/v1.1-beta/backups/backup-2026-03-13T13-50-45-212Z
[2026-03-13T13:50:46.358Z] Deleted old backup: backup-2026-03-13T13-15-34-907Z
[2026-03-13T14:01:14.547Z] Backup created: /Users/ken/clawd_workspace/projects/KG_RAG/v1.1-beta/backups/backup-2026-03-13T14-01-13-236Z
[2026-03-13T14:01:14.550Z] Deleted old backup: backup-2026-03-13T13-21-46-611Z
[2026-03-13T14:09:12.644Z] Backup created: /Users/ken/clawd_workspace/projects/KG_RAG/v1.1-beta/backups/backup-2026-03-13T14-09-11-471Z
[2026-03-13T14:09:12.648Z] Deleted old backup: backup-2026-03-13T13-27-11-066Z
[2026-03-13T14:09:17.556Z] Deleted backup: backup-2026-03-13T13-35-18-377Z
[2026-03-13T14:09:20.068Z] Deleted backup: backup-2026-03-13T13-42-52-462Z
[2026-03-13T14:09:39.762Z] Backup created: /Users/ken/clawd_workspace/projects/KG_RAG/v1.1-beta/backups/backup-2026-03-13T14-09-38-650Z
[2026-03-13T14:15:30.569Z] Backup created: /Users/ken/clawd_workspace/projects/KG_RAG/v1.1-beta/backups/backup-2026-03-13T14-15-29-421Z
[2026-03-13T14:21:55.154Z] Backup created: /Users/ken/clawd_workspace/projects/KG_RAG/v1.1-beta/backups/backup-2026-03-13T14-21-54-033Z
[2026-03-13T14:21:55.161Z] Deleted old backup: backup-2026-03-13T13-50-45-212Z
[2026-03-13T14:27:01.231Z] Backup created: /Users/ken/clawd_workspace/projects/KG_RAG/v1.1-beta/backups/backup-2026-03-13T14-27-00-106Z
[2026-03-13T14:27:01.235Z] Deleted old backup: backup-2026-03-13T14-01-13-236Z
[2026-03-13T14:33:04.279Z] Backup created: /Users/ken/clawd_workspace/projects/KG_RAG/v1.1-beta/backups/backup-2026-03-13T14-33-03-117Z
[2026-03-13T14:33:04.285Z] Deleted old backup: backup-2026-03-13T14-09-11-471Z
[2026-03-13T14:40:08.844Z] Backup created: /Users/ken/clawd_workspace/projects/KG_RAG/v1.1-beta/backups/backup-2026-03-13T14-40-07-725Z
[2026-03-13T14:40:08.847Z] Deleted old backup: backup-2026-03-13T14-09-38-650Z
[2026-03-13T14:45:20.412Z] Backup created: /Users/ken/clawd_workspace/projects/KG_RAG/v1.1-beta/backups/backup-2026-03-13T14-45-19-300Z
[2026-03-13T14:45:20.414Z] Deleted old backup: backup-2026-03-13T14-15-29-421Z
[2026-03-13T14:51:40.832Z] Backup created: /Users/ken/clawd_workspace/projects/KG_RAG/v1.1-beta/backups/backup-2026-03-13T14-51-39-717Z
[2026-03-13T14:51:40.837Z] Deleted old backup: backup-2026-03-13T14-21-54-033Z
[2026-03-13T15:03:18.363Z] Backup created: /Users/ken/clawd_workspace/projects/KG_RAG/v1.1-beta/backups/backup-2026-03-13T15-03-17-223Z
[2026-03-13T15:03:18.366Z] Deleted old backup: backup-2026-03-13T14-27-00-106Z
[2026-03-13T15:07:39.692Z] Backup created: /Users/ken/clawd_workspace/projects/KG_RAG/v1.1-beta/backups/backup-2026-03-13T15-07-38-547Z
[2026-03-13T15:07:39.696Z] Deleted old backup: backup-2026-03-13T14-33-03-117Z
[2026-03-13T15:07:47.758Z] Deleted backup: backup-2026-03-13T14-40-07-725Z
[2026-03-13T15:07:50.939Z] Deleted backup: backup-2026-03-13T14-45-19-300Z
[2026-03-13T15:12:00.170Z] Backup created: /Users/ken/clawd_workspace/projects/KG_RAG/v1.1-beta/backups/backup-2026-03-13T15-11-58-936Z
[2026-03-13T15:24:08.161Z] Backup created: /Users/ken/clawd_workspace/projects/KG_RAG/v1.1-beta/backups/backup-2026-03-13T15-24-06-961Z
[2026-03-13T15:31:26.864Z] Backup created: /Users/ken/clawd_workspace/projects/KG_RAG/v1.1-beta/backups/backup-2026-03-13T15-31-25-523Z
[2026-03-13T15:31:26.868Z] Deleted old backup: backup-2026-03-13T14-51-39-717Z
[2026-03-13T15:37:37.267Z] Backup created: /Users/ken/clawd_workspace/projects/KG_RAG/v1.1-beta/backups/backup-2026-03-13T15-37-36-101Z
[2026-03-13T15:37:37.272Z] Deleted old backup: backup-2026-03-13T15-03-17-223Z
[2026-03-13T15:41:34.133Z] Backup created: /Users/ken/clawd_workspace/projects/KG_RAG/v1.1-beta/backups/backup-2026-03-13T15-41-32-975Z
[2026-03-13T15:41:34.134Z] Deleted old backup: backup-2026-03-13T15-07-38-547Z
[2026-03-13T15:48:44.509Z] Backup created: /Users/ken/clawd_workspace/projects/KG_RAG/v1.1-beta/backups/backup-2026-03-13T15-48-43-377Z
[2026-03-13T15:48:44.513Z] Deleted old backup: backup-2026-03-13T15-11-58-936Z
[2026-03-13T15:51:07.598Z] Backup created: /Users/ken/clawd_workspace/projects/KG_RAG/v1.1-beta/backups/backup-2026-03-13T15-51-06-391Z
[2026-03-13T15:51:07.600Z] Deleted old backup: backup-2026-03-13T15-24-06-961Z
[2026-03-13T15:56:58.117Z] Backup created: /Users/ken/clawd_workspace/projects/KG_RAG/v1.1-beta/backups/backup-2026-03-13T15-56-56-993Z
[2026-03-13T15:56:58.120Z] Deleted old backup: backup-2026-03-13T15-31-25-523Z
[2026-03-13T16:03:04.268Z] Backup created: /Users/ken/clawd_workspace/projects/KG_RAG/v1.1-beta/backups/backup-2026-03-13T16-03-03-089Z
[2026-03-13T16:03:04.274Z] Deleted old backup: backup-2026-03-13T15-37-36-101Z
[2026-03-13T16:45:32.009Z] Backup created: /Users/ken/clawd_workspace/projects/KG_RAG/v1.1-beta/backups/backup-2026-03-13T16-45-27-602Z
[2026-03-13T16:45:32.012Z] Deleted old backup: backup-2026-03-13T15-41-32-975Z
[2026-03-13T16:45:40.365Z] Deleted backup: backup-2026-03-13T15-48-43-377Z
[2026-03-13T16:45:42.544Z] Deleted backup: backup-2026-03-13T15-51-06-391Z
[2026-03-13T16:49:59.892Z] Backup created: /Users/ken/clawd_workspace/projects/KG_RAG/v1.1-beta/backups/backup-2026-03-13T16-49-58-745Z
[2026-03-13T16:57:41.325Z] Backup created: /Users/ken/clawd_workspace/projects/KG_RAG/v1.1-beta/backups/backup-2026-03-13T16-57-40-196Z
[2026-03-13T17:03:33.582Z] Backup created: /Users/ken/clawd_workspace/projects/KG_RAG/v1.1-beta/backups/backup-2026-03-13T17-03-32-442Z
[2026-03-13T17:03:33.584Z] Deleted old backup: backup-2026-03-13T15-56-56-993Z
[2026-03-13T17:10:06.503Z] Backup created: /Users/ken/clawd_workspace/projects/KG_RAG/v1.1-beta/backups/backup-2026-03-13T17-10-05-216Z
[2026-03-13T17:10:06.505Z] Deleted old backup: backup-2026-03-13T16-03-03-089Z
[2026-03-13T17:14:05.940Z] Backup created: /Users/ken/clawd_workspace/projects/KG_RAG/v1.1-beta/backups/backup-2026-03-13T17-14-04-761Z
[2026-03-13T17:14:05.945Z] Deleted old backup: backup-2026-03-13T16-45-27-602Z
[2026-03-13T17:25:54.054Z] Backup created: /Users/ken/clawd_workspace/projects/KG_RAG/v1.1-beta/backups/backup-2026-03-13T17-25-52-886Z
[2026-03-13T17:25:54.058Z] Deleted old backup: backup-2026-03-13T16-49-58-745Z
[2026-03-13T17:31:32.775Z] Backup created: /Users/ken/clawd_workspace/projects/KG_RAG/v1.1-beta/backups/backup-2026-03-13T17-31-31-647Z
[2026-03-13T17:31:32.778Z] Deleted old backup: backup-2026-03-13T16-57-40-196Z
[2026-03-13T17:39:02.903Z] Backup created: /Users/ken/clawd_workspace/projects/KG_RAG/v1.1-beta/backups/backup-2026-03-13T17-39-01-707Z
[2026-03-13T17:39:02.908Z] Deleted old backup: backup-2026-03-13T17-03-32-442Z
[2026-03-13T17:45:37.962Z] Backup created: /Users/ken/clawd_workspace/projects/KG_RAG/v1.1-beta/backups/backup-2026-03-13T17-45-36-824Z
[2026-03-13T17:45:37.969Z] Deleted old backup: backup-2026-03-13T17-10-05-216Z
[2026-03-13T18:02:02.140Z] Backup created: /Users/ken/clawd_workspace/projects/KG_RAG/v1.1-beta/backups/backup-2026-03-13T18-02-00-964Z
[2026-03-13T18:02:02.143Z] Deleted old backup: backup-2026-03-13T17-14-04-761Z
[2026-03-13T18:06:52.857Z] Backup created: /Users/ken/clawd_workspace/projects/KG_RAG/v1.1-beta/backups/backup-2026-03-13T18-06-51-629Z
[2026-03-13T18:06:52.862Z] Deleted old backup: backup-2026-03-13T17-25-52-886Z
[2026-03-13T18:11:33.830Z] Backup created: /Users/ken/clawd_workspace/projects/KG_RAG/v1.1-beta/backups/backup-2026-03-13T18-11-32-675Z
[2026-03-13T18:11:33.833Z] Deleted old backup: backup-2026-03-13T17-31-31-647Z
[2026-03-13T18:18:01.620Z] Backup created: /Users/ken/clawd_workspace/projects/KG_RAG/v1.1-beta/backups/backup-2026-03-13T18-18-00-431Z
[2026-03-13T18:18:01.624Z] Deleted old backup: backup-2026-03-13T17-39-01-707Z
[2026-03-13T18:23:14.016Z] Backup created: /Users/ken/clawd_workspace/projects/KG_RAG/v1.1-beta/backups/backup-2026-03-13T18-23-12-830Z
[2026-03-13T18:23:14.020Z] Deleted old backup: backup-2026-03-13T17-45-36-824Z
[2026-03-13T18:28:45.775Z] Backup created: /Users/ken/clawd_workspace/projects/KG_RAG/v1.1-beta/backups/backup-2026-03-13T18-28-44-598Z
[2026-03-13T18:28:45.779Z] Deleted old backup: backup-2026-03-13T18-02-00-964Z
[2026-03-13T18:36:08.499Z] Backup created: /Users/ken/clawd_workspace/projects/KG_RAG/v1.1-beta/backups/backup-2026-03-13T18-36-07-388Z
[2026-03-13T18:36:08.502Z] Deleted old backup: backup-2026-03-13T18-06-51-629Z
[2026-03-13T18:41:49.455Z] Backup created: /Users/ken/clawd_workspace/projects/KG_RAG/v1.1-beta/backups/backup-2026-03-13T18-41-48-269Z
[2026-03-13T18:41:49.460Z] Deleted old backup: backup-2026-03-13T18-11-32-675Z
[2026-03-13T18:48:51.756Z] Backup created: /Users/ken/clawd_workspace/projects/KG_RAG/v1.1-beta/backups/backup-2026-03-13T18-48-50-538Z
[2026-03-13T18:48:51.760Z] Deleted old backup: backup-2026-03-13T18-18-00-431Z
[2026-03-13T18:54:09.090Z] Backup created: /Users/ken/clawd_workspace/projects/KG_RAG/v1.1-beta/backups/backup-2026-03-13T18-54-07-880Z
[2026-03-13T18:54:09.095Z] Deleted old backup: backup-2026-03-13T18-23-12-830Z
[2026-03-13T19:00:30.179Z] Backup created: /Users/ken/clawd_workspace/projects/KG_RAG/v1.1-beta/backups/backup-2026-03-13T19-00-28-990Z
[2026-03-13T19:00:30.183Z] Deleted old backup: backup-2026-03-13T18-28-44-598Z
[2026-03-13T19:10:40.363Z] Backup created: /Users/ken/clawd_workspace/projects/KG_RAG/v1.1-beta/backups/backup-2026-03-13T19-10-39-179Z
[2026-03-13T19:10:40.366Z] Deleted old backup: backup-2026-03-13T18-36-07-388Z
[2026-03-13T19:16:26.337Z] Backup created: /Users/ken/clawd_workspace/projects/KG_RAG/v1.1-beta/backups/backup-2026-03-13T19-16-25-103Z
[2026-03-13T19:16:26.340Z] Deleted old backup: backup-2026-03-13T18-41-48-269Z
[2026-03-13T19:21:41.425Z] Backup created: /Users/ken/clawd_workspace/projects/KG_RAG/v1.1-beta/backups/backup-2026-03-13T19-21-40-154Z
[2026-03-13T19:21:41.428Z] Deleted old backup: backup-2026-03-13T18-48-50-538Z
[2026-03-13T19:26:42.841Z] Backup created: /Users/ken/clawd_workspace/projects/KG_RAG/v1.1-beta/backups/backup-2026-03-13T19-26-41-670Z
[2026-03-13T19:26:42.848Z] Deleted old backup: backup-2026-03-13T18-54-07-880Z
[2026-03-13T19:29:49.456Z] Backup created: /Users/ken/clawd_workspace/projects/KG_RAG/v1.1-beta/backups/backup-2026-03-13T19-29-48-356Z
[2026-03-13T19:29:49.460Z] Deleted old backup: backup-2026-03-13T19-00-28-990Z
[2026-03-13T19:37:19.538Z] Backup created: /Users/ken/clawd_workspace/projects/KG_RAG/v1.1-beta/backups/backup-2026-03-13T19-37-18-439Z
[2026-03-13T19:37:19.541Z] Deleted old backup: backup-2026-03-13T19-10-39-179Z
[2026-03-13T19:37:23.425Z] Deleted backup: backup-2026-03-13T19-16-25-103Z
[2026-03-13T19:37:25.838Z] Deleted backup: backup-2026-03-13T19-21-40-154Z
[2026-03-13T19:44:30.221Z] Backup created: /Users/ken/clawd_workspace/projects/KG_RAG/v1.1-beta/backups/backup-2026-03-13T19-44-28-808Z
[2026-03-13T19:55:07.839Z] Backup created: /Users/ken/clawd_workspace/projects/KG_RAG/v1.1-beta/backups/backup-2026-03-13T19-55-05-683Z
[2026-03-13T20:03:02.601Z] Backup created: /Users/ken/clawd_workspace/projects/KG_RAG/v1.1-beta/backups/backup-2026-03-13T20-03-01-250Z
[2026-03-13T20:03:02.603Z] Deleted old backup: backup-2026-03-13T19-26-41-670Z
[2026-03-13T20:06:59.330Z] Backup created: /Users/ken/clawd_workspace/projects/KG_RAG/v1.1-beta/backups/backup-2026-03-13T20-06-58-199Z
[2026-03-13T20:06:59.334Z] Deleted old backup: backup-2026-03-13T19-29-48-356Z
[2026-03-13T20:08:04.659Z] Backup created: /Users/ken/clawd_workspace/projects/KG_RAG/v1.1-beta/backups/backup-2026-03-13T20-08-03-320Z
[2026-03-13T20:08:04.663Z] Deleted old backup: backup-2026-03-13T19-37-18-439Z
